  [1m[35m (391.7ms)[0m  [1m[35mCREATE DATABASE "TaskList_development" ENCODING = 'unicode'[0m
  ↳ bin/rails:9
  [1m[35m (288.9ms)[0m  [1m[35mCREATE DATABASE "TaskList_test" ENCODING = 'unicode'[0m
  ↳ bin/rails:9
Started GET "/" for 127.0.0.1 at 2018-09-17 12:26:22 -0700
Processing by Rails::WelcomeController#index as HTML
  Rendering /Users/valgidzi/.rvm/gems/ruby-2.5.1/gems/railties-5.2.1/lib/rails/templates/rails/welcome/index.html.erb
  Rendered /Users/valgidzi/.rvm/gems/ruby-2.5.1/gems/railties-5.2.1/lib/rails/templates/rails/welcome/index.html.erb (2.1ms)
Completed 200 OK in 15ms (Views: 6.5ms | ActiveRecord: 0.0ms)


Started GET "/tasks" for 127.0.0.1 at 2018-09-17 13:54:04 -0700
Processing by TasksController#index as HTML
Completed 406 Not Acceptable in 76ms (ActiveRecord: 0.0ms)



ActionController::UnknownFormat - TasksController#index is missing a template for this request format and variant.

request.formats: ["text/html"]
request.variant: []

NOTE! For XHR/Ajax or API requests, this action would normally respond with 204 No Content: an empty white screen. Since you're loading it in a web browser, we assume that you expected to actually render a template, not nothing, so we're showing an error to be extra-clear. If you expect 204 No Content, carry on. That's what you'll get from an XHR or API request. Give it a shot.:

Started POST "/__better_errors/427f15478b3f79b3/variables" for 127.0.0.1 at 2018-09-17 13:54:14 -0700
Started GET "/tasks" for 127.0.0.1 at 2018-09-17 14:10:57 -0700
Processing by TasksController#index as HTML
  Rendering tasks/index.html.erb within layouts/application
  Rendered tasks/index.html.erb within layouts/application (0.3ms)
Completed 200 OK in 228ms (Views: 227.0ms | ActiveRecord: 0.0ms)


Started GET "/tasks" for 127.0.0.1 at 2018-09-17 14:12:43 -0700
Processing by TasksController#index as HTML
  Rendering tasks/index.html.erb within layouts/application
  Rendered tasks/index.html.erb within layouts/application (0.3ms)
Completed 200 OK in 16ms (Views: 14.7ms | ActiveRecord: 0.0ms)


Started GET "/tasks/1" for 127.0.0.1 at 2018-09-17 16:14:42 -0700
Processing by TasksController#show as HTML
  Parameters: {"id"=>"1"}
  Rendering tasks/show.html.erb within layouts/application
  Rendered tasks/show.html.erb within layouts/application (204.1ms)
Completed 500 Internal Server Error in 210ms (ActiveRecord: 0.0ms)



NameError - undefined local variable or method `task' for #<#<Class:0x00007fc93506fbc0>:0x00007fc93506e248>
Did you mean?  @task:
  app/views/tasks/show.html.erb:2:in `_app_views_tasks_show_html_erb__2500907429146979815_70251041744860'

Started POST "/__better_errors/b8aedbdda2e751c4/variables" for 127.0.0.1 at 2018-09-17 16:14:42 -0700
Started GET "/tasks/1" for 127.0.0.1 at 2018-09-17 16:16:37 -0700
Processing by TasksController#show as HTML
  Parameters: {"id"=>"1"}
  Rendering tasks/show.html.erb within layouts/application
  Rendered tasks/show.html.erb within layouts/application (0.3ms)
Completed 200 OK in 16ms (Views: 14.5ms | ActiveRecord: 0.0ms)


Started GET "/tasks/2" for 127.0.0.1 at 2018-09-17 16:16:42 -0700
Processing by TasksController#show as HTML
  Parameters: {"id"=>"2"}
  Rendering tasks/show.html.erb within layouts/application
  Rendered tasks/show.html.erb within layouts/application (0.2ms)
Completed 200 OK in 14ms (Views: 12.3ms | ActiveRecord: 0.0ms)


Started GET "/tasks/3" for 127.0.0.1 at 2018-09-17 16:16:45 -0700
Processing by TasksController#show as HTML
  Parameters: {"id"=>"3"}
  Rendering tasks/show.html.erb within layouts/application
  Rendered tasks/show.html.erb within layouts/application (0.2ms)
Completed 200 OK in 14ms (Views: 11.5ms | ActiveRecord: 0.0ms)


Started GET "/tasks/0" for 127.0.0.1 at 2018-09-17 16:16:50 -0700
Processing by TasksController#show as HTML
  Parameters: {"id"=>"0"}
  Rendering tasks/show.html.erb within layouts/application
  Rendered tasks/show.html.erb within layouts/application (0.2ms)
Completed 200 OK in 14ms (Views: 12.0ms | ActiveRecord: 0.0ms)


